<?xml version="1.0" encoding="UTF-8"?>
<!-- Generated by org.testng.reporters.JUnitReportReporter -->
<testsuite hostname="DESKTOP-QGG7OKB" failures="0" tests="1" name="SpiceJet.SearchTest" time="10.470" errors="0" timestamp="2020-06-07T13:15:55 CEST" skipped="0">
  <testcase classname="SpiceJet.SearchTest" name="searchFlights" time="10.470"/>
  <system-out/>
</testsuite> <!-- SpiceJet.SearchTest -->
