<?xml version="1.0" encoding="UTF-8"?>
<!-- Generated by org.testng.reporters.JUnitReportReporter -->
<testsuite hostname="DESKTOP-QGG7OKB" failures="0" tests="2" name="SpiceJet.SearchFlights" time="39.686" errors="0" timestamp="2020-06-07T14:00:16 CEST" skipped="0">
  <testcase classname="SpiceJet.SearchFlights" name="roundTravel" time="21.372"/>
  <system-out/>
  <testcase classname="SpiceJet.SearchFlights" name="oneWayTravel" time="18.314"/>
  <system-out/>
</testsuite> <!-- SpiceJet.SearchFlights -->
